<?xml version="1.0" encoding="windows-1252" standalone="no"?>
<!DOCTYPE log SYSTEM "logger.dtd">
<log>
<record>
  <date>2022-04-19T14:16:32</date>
  <millis>1650357992358</millis>
  <sequence>0</sequence>
  <logger>com.example.Book</logger>
  <level>INFO</level>
  <class>com.example.LoggingWithPropAndSaveFile</class>
  <method>main</method>
  <thread>1</thread>
  <message>Logging Properties Done Right</message>
</record>
<record>
  <date>2022-04-19T14:16:32</date>
  <millis>1650357992382</millis>
  <sequence>1</sequence>
  <logger>com.example.Book</logger>
  <level>INFO</level>
  <class>com.example.LoggingWithPropAndSaveFile</class>
  <method>main</method>
  <thread>1</thread>
  <message> bookNumber=0, bookName=null, author=null, price=0.0</message>
</record>
</log>
